<?xml version="1.0" encoding="UTF-8"?>
<!-- Generated by org.testng.reporters.JUnitXMLReporter -->
<testsuite ignored="0" hostname="Dnyaneshwars-MacBook-Air.local" failures="2" tests="5" name="AutomationExerciseTests" time="72.086" errors="0" timestamp="2026-08-07T16:40:22 IST">
  <testcase classname="test.sinupTest" name="verifyRegisterNewUser" time="0.854"/>
  <testcase classname="test.sinupTest" name="verifyAccountInformation" time="28.152"/>
  <testcase classname="test.loginTest" name="varifyValidLogin" time="0.265"/>
  <testcase classname="test.contactUsFeatureTest" name="fillContactUsForm" time="11.427">
    <failure type="org.openqa.selenium.NoSuchSessionException" message="Session ID is null. Using WebDriver after calling quit()?
Build info: version: &amp;apos;4.45.0&amp;apos;, revision: &amp;apos;cd6a3cd cd6a3cdfca6970f62e5bc8344109d0fe0e2af05e&amp;apos;
System info: os.name: &amp;apos;Mac OS X&amp;apos;, os.arch: &amp;apos;aarch64&amp;apos;, os.version: &amp;apos;26.5.2&amp;apos;, java.version: &amp;apos;26.0.1&amp;apos;
Driver info: org.openqa.selenium.chrome.ChromeDriver
Command: [null, actions {actions=[org.openqa.selenium.interactions.Sequence@5833f5cd]}]
Capabilities {acceptInsecureCerts: false, browserName: chrome, browserVersion: 151.0.7922.77, chrome: {chromedriverVersion: 151.0.7922.77 (ff37cfca2101..., userDataDir: /var/folders/bn/mgbvy3895g5...}, fedcm:accounts: true, goog:chromeOptions: {debuggerAddress: localhost:49221}, goog:processID: 1427, networkConnectionEnabled: false, pageLoadStrategy: normal, platformName: mac, proxy: Proxy(), se:cdp: ws://localhost:49221/devtoo..., se:cdpVersion: 151.0.7922.77, setWindowRect: true, strictFileInteractability: false, timeouts: {implicit: 0, pageLoad: 300000, script: 30000}, unhandledPromptBehavior: dismiss and notify, webauthn:extension:credBlob: true, webauthn:extension:largeBlob: true, webauthn:extension:minPinLength: true, webauthn:extension:prf: true, webauthn:virtualAuthenticators: true}">
      <![CDATA[org.openqa.selenium.NoSuchSessionException: Session ID is null. Using WebDriver after calling quit()?
Build info: version: '4.45.0', revision: 'cd6a3cd cd6a3cdfca6970f62e5bc8344109d0fe0e2af05e'
System info: os.name: 'Mac OS X', os.arch: 'aarch64', os.version: '26.5.2', java.version: '26.0.1'
Driver info: org.openqa.selenium.chrome.ChromeDriver
Command: [null, actions {actions=[org.openqa.selenium.interactions.Sequence@5833f5cd]}]
Capabilities {acceptInsecureCerts: false, browserName: chrome, browserVersion: 151.0.7922.77, chrome: {chromedriverVersion: 151.0.7922.77 (ff37cfca2101..., userDataDir: /var/folders/bn/mgbvy3895g5...}, fedcm:accounts: true, goog:chromeOptions: {debuggerAddress: localhost:49221}, goog:processID: 1427, networkConnectionEnabled: false, pageLoadStrategy: normal, platformName: mac, proxy: Proxy(), se:cdp: ws://localhost:49221/devtoo..., se:cdpVersion: 151.0.7922.77, setWindowRect: true, strictFileInteractability: false, timeouts: {implicit: 0, pageLoad: 300000, script: 30000}, unhandledPromptBehavior: dismiss and notify, webauthn:extension:credBlob: true, webauthn:extension:largeBlob: true, webauthn:extension:minPinLength: true, webauthn:extension:prf: true, webauthn:virtualAuthenticators: true}
at org.openqa.selenium.remote.HttpCommandExecutor.execute(HttpCommandExecutor.java:161)
at org.openqa.selenium.remote.service.DriverCommandExecutor.invokeExecute(DriverCommandExecutor.java:217)
at org.openqa.selenium.remote.service.DriverCommandExecutor.execute(DriverCommandExecutor.java:175)
at org.openqa.selenium.remote.RemoteWebDriver.execute(RemoteWebDriver.java:575)
at org.openqa.selenium.remote.RemoteWebDriver.perform(RemoteWebDriver.java:670)
at org.openqa.selenium.interactions.Actions$BuiltAction.perform(Actions.java:612)
at org.openqa.selenium.interactions.Actions.perform(Actions.java:577)
at pages.signupPage.scrollWindow(signupPage.java:48)
at pages.homePage.fillContactUsForm(homePage.java:60)
at test.contactUsFeatureTest.fillContactUsForm(contactUsFeatureTest.java:26)
at java.base/java.util.ArrayList.forEach(ArrayList.java:1612)
... Removed 25 stack frames]]>
    </failure>
  </testcase> <!-- fillContactUsForm -->
  <testcase classname="test.productTesting" name="VarifyAllProductVisibleOnScreen" time="12.178">
    <failure type="java.lang.AssertionError" message="Product is not displayed expected [true] but found [false]">
      <![CDATA[java.lang.AssertionError: Product is not displayed expected [true] but found [false]
at pages.productPage.isAllProductVisibleOnScreen(productPage.java:48)
at test.productTesting.VarifyAllProductVisibleOnScreen(productTesting.java:20)
at java.base/java.util.ArrayList.forEach(ArrayList.java:1612)
... Removed 28 stack frames]]>
    </failure>
  </testcase> <!-- VarifyAllProductVisibleOnScreen -->
</testsuite> <!-- AutomationExerciseTests -->
