<?xml version="1.0" encoding="UTF-8"?>
<!-- Generated by org.testng.reporters.JUnitReportReporter -->
<testsuite hostname="Dnyaneshwars-MacBook-Air.local" failures="0" tests="12" name="runner.TestRunner" time="0.975" errors="0" timestamp="2026-08-11T00:46:36 IST" skipped="0">
  <testcase classname="runner.TestRunner" name="runScenario" time="0.096"/>
  <testcase classname="runner.TestRunner" name="runScenario" time="0.091"/>
  <testcase classname="runner.TestRunner" name="runScenario" time="0.009"/>
  <testcase classname="runner.TestRunner" name="runScenario" time="0.102"/>
  <testcase classname="runner.TestRunner" name="runScenario" time="0.094"/>
  <testcase classname="runner.TestRunner" name="runScenario" time="0.092"/>
  <testcase classname="runner.TestRunner" name="runScenario" time="0.094"/>
  <testcase classname="runner.TestRunner" name="runScenario" time="0.089"/>
  <testcase classname="runner.TestRunner" name="runScenario" time="0.102"/>
  <testcase classname="runner.TestRunner" name="runScenario" time="0.091"/>
  <testcase classname="runner.TestRunner" name="runScenario" time="0.094"/>
  <testcase classname="runner.TestRunner" name="runScenario" time="0.021"/>
</testsuite> <!-- runner.TestRunner -->
