<?xml version="1.0" encoding="UTF-8"?>
<!-- Generated by org.testng.reporters.JUnitReportReporter -->
<testsuite hostname="Dnyaneshwars-MacBook-Air.local" failures="0" tests="4" name="runner.TestRunner" time="0.283" errors="0" timestamp="2026-08-10T00:17:38 IST" skipped="0">
  <testcase classname="runner.TestRunner" name="runScenario" time="0.071"/>
  <testcase classname="runner.TestRunner" name="runScenario" time="0.071"/>
  <testcase classname="runner.TestRunner" name="runScenario" time="0.069"/>
  <testcase classname="runner.TestRunner" name="runScenario" time="0.072"/>
</testsuite> <!-- runner.TestRunner -->
