<?xml version="1.0" encoding="UTF-8"?>
<!-- Generated by org.testng.reporters.JUnitReportReporter -->
<testsuite hostname="Dnyaneshwars-MacBook-Air.local" failures="0" tests="1" name="test.contactUsFeatureTest" time="7.935" errors="1" timestamp="2026-08-08T15:59:31 IST" skipped="0">
  <testcase classname="test.contactUsFeatureTest" name="fillContactUsForm" time="7.935">
    <error message="unexpected alert open: {Alert text : Press OK to proceed!}
  (Session info: chrome=151.0.7922.77): Press OK to proceed!
Build info: version: &#039;4.45.0&#039;, revision: &#039;cd6a3cd cd6a3cdfca6970f62e5bc8344109d0fe0e2af05e&#039;
System info: os.name: &#039;Mac OS X&#039;, os.arch: &#039;aarch64&#039;, os.version: &#039;26.5.2&#039;, java.version: &#039;26.0.1&#039;
Driver info: org.openqa.selenium.chrome.ChromeDriver
Command: [8402b8653c260d0e2a2bd6193b4d1e19, screenshot {}]
Capabilities {acceptInsecureCerts: false, browserName: chrome, browserVersion: 151.0.7922.77, chrome: {chromedriverVersion: 151.0.7922.77 (ff37cfca2101..., userDataDir: /var/folders/bn/mgbvy3895g5...}, fedcm:accounts: true, goog:chromeOptions: {debuggerAddress: localhost:49465}, goog:processID: 2581, networkConnectionEnabled: false, pageLoadStrategy: normal, platformName: mac, proxy: Proxy(), se:cdp: ws://localhost:49465/devtoo..., se:cdpVersion: 151.0.7922.77, setWindowRect: true, strictFileInteractability: false, timeouts: {implicit: 0, pageLoad: 300000, script: 30000}, unhandledPromptBehavior: dismiss and notify, webauthn:extension:credBlob: true, webauthn:extension:largeBlob: true, webauthn:extension:minPinLength: true, webauthn:extension:prf: true, webauthn:virtualAuthenticators: true}
Session ID: 8402b8653c260d0e2a2bd6193b4d1e19" type="org.openqa.selenium.UnhandledAlertException">
      <![CDATA[org.openqa.selenium.UnhandledAlertException: unexpected alert open: {Alert text : Press OK to proceed!}
  (Session info: chrome=151.0.7922.77): Press OK to proceed!
Build info: version: '4.45.0', revision: 'cd6a3cd cd6a3cdfca6970f62e5bc8344109d0fe0e2af05e'
System info: os.name: 'Mac OS X', os.arch: 'aarch64', os.version: '26.5.2', java.version: '26.0.1'
Driver info: org.openqa.selenium.chrome.ChromeDriver
Command: [8402b8653c260d0e2a2bd6193b4d1e19, screenshot {}]
Capabilities {acceptInsecureCerts: false, browserName: chrome, browserVersion: 151.0.7922.77, chrome: {chromedriverVersion: 151.0.7922.77 (ff37cfca2101..., userDataDir: /var/folders/bn/mgbvy3895g5...}, fedcm:accounts: true, goog:chromeOptions: {debuggerAddress: localhost:49465}, goog:processID: 2581, networkConnectionEnabled: false, pageLoadStrategy: normal, platformName: mac, proxy: Proxy(), se:cdp: ws://localhost:49465/devtoo..., se:cdpVersion: 151.0.7922.77, setWindowRect: true, strictFileInteractability: false, timeouts: {implicit: 0, pageLoad: 300000, script: 30000}, unhandledPromptBehavior: dismiss and notify, webauthn:extension:credBlob: true, webauthn:extension:largeBlob: true, webauthn:extension:minPinLength: true, webauthn:extension:prf: true, webauthn:virtualAuthenticators: true}
Session ID: 8402b8653c260d0e2a2bd6193b4d1e19
at org.openqa.selenium.remote.codec.w3c.W3CHttpResponseCodec.decode(W3CHttpResponseCodec.java:141)
at org.openqa.selenium.remote.codec.w3c.W3CHttpResponseCodec.decode(W3CHttpResponseCodec.java:50)
at org.openqa.selenium.remote.HttpCommandExecutor.execute(HttpCommandExecutor.java:196)
at org.openqa.selenium.remote.service.DriverCommandExecutor.invokeExecute(DriverCommandExecutor.java:217)
at org.openqa.selenium.remote.service.DriverCommandExecutor.execute(DriverCommandExecutor.java:175)
at org.openqa.selenium.remote.RemoteWebDriver.execute(RemoteWebDriver.java:575)
at org.openqa.selenium.remote.RemoteWebDriver.execute(RemoteWebDriver.java:657)
at org.openqa.selenium.remote.RemoteWebDriver.execute(RemoteWebDriver.java:661)
at org.openqa.selenium.remote.RemoteWebDriver.getScreenshotAs(RemoteWebDriver.java:362)
at utility.Screenshotutil.captureScreenshot(Screenshotutil.java:17)
at listeners.TestListener.onTestFailure(TestListener.java:18)
at org.testng.internal.TestListenerHelper.runTestListeners(TestListenerHelper.java:115)
at org.testng.internal.invokers.TestInvoker.runTestResultListener(TestInvoker.java:296)
at org.testng.internal.invokers.TestInvoker.invokeMethod(TestInvoker.java:787)
at org.testng.internal.invokers.TestInvoker.invokeTestMethod(TestInvoker.java:230)
at org.testng.internal.invokers.MethodRunner.runInSequence(MethodRunner.java:63)
at org.testng.internal.invokers.TestInvoker$MethodInvocationAgent.invoke(TestInvoker.java:1005)
at org.testng.internal.invokers.TestInvoker.invokeTestMethods(TestInvoker.java:203)
at org.testng.internal.invokers.TestMethodWorker.invokeTestMethods(TestMethodWorker.java:154)
at org.testng.internal.invokers.TestMethodWorker.run(TestMethodWorker.java:134)
at java.base/java.util.ArrayList.forEach(ArrayList.java:1612)
at org.testng.TestRunner.privateRun(TestRunner.java:744)
at org.testng.TestRunner.run(TestRunner.java:616)
at org.testng.SuiteRunner.runTest(SuiteRunner.java:421)
at org.testng.SuiteRunner.runSequentially(SuiteRunner.java:413)
at org.testng.SuiteRunner.privateRun(SuiteRunner.java:373)
at org.testng.SuiteRunner.run(SuiteRunner.java:312)
at org.testng.SuiteRunnerWorker.runSuite(SuiteRunnerWorker.java:52)
at org.testng.SuiteRunnerWorker.run(SuiteRunnerWorker.java:95)
at org.testng.TestNG.runSuitesSequentially(TestNG.java:1274)
at org.testng.TestNG.runSuitesLocally(TestNG.java:1208)
at org.testng.TestNG.runSuites(TestNG.java:1112)
at org.testng.TestNG.run(TestNG.java:1079)
at org.testng.remote.AbstractRemoteTestNG.run(AbstractRemoteTestNG.java:115)
at org.testng.remote.RemoteTestNG.initAndRun(RemoteTestNG.java:293)
at org.testng.remote.RemoteTestNG.main(RemoteTestNG.java:91)
]]>
    </error>
  </testcase> <!-- fillContactUsForm -->
</testsuite> <!-- test.contactUsFeatureTest -->
